2026-03-25 15:57:22.851 [main] INFO  c.shd.TilasWebManagementApplication - Starting TilasWebManagementApplication using Java 17.0.16 with PID 11876 (E:\ccProject\tilas-web-management\target\classes started by SHD in E:\ccProject\tilas-web-management)
2026-03-25 15:57:22.854 [main] DEBUG c.shd.TilasWebManagementApplication - Running with Spring Boot v4.0.4, Spring v7.0.6
2026-03-25 15:57:22.855 [main] INFO  c.shd.TilasWebManagementApplication - No active profile set, falling back to 1 default profile: "default"
2026-03-25 15:57:23.407 [main] DEBUG o.m.s.b.a.MybatisAutoConfiguration - Searching for mappers annotated with @Mapper
2026-03-25 15:57:23.407 [main] DEBUG o.m.s.b.a.MybatisAutoConfiguration - Using auto-configuration base package 'com.shd'
2026-03-25 15:57:23.531 [main] DEBUG o.m.s.mapper.ClassPathMapperScanner - Identified candidate component class: file [E:\ccProject\tilas-web-management\target\classes\com\shd\mapper\DeptMapper.class]
2026-03-25 15:57:23.532 [main] DEBUG o.m.s.mapper.ClassPathMapperScanner - Creating MapperFactoryBean with name 'deptMapper' and 'com.shd.mapper.DeptMapper' mapperInterface
2026-03-25 15:57:23.859 [main] INFO  o.s.boot.tomcat.TomcatWebServer - Tomcat initialized with port 8080 (http)
2026-03-25 15:57:23.872 [main] INFO  o.a.coyote.http11.Http11NioProtocol - Initializing ProtocolHandler ["http-nio-8080"]
2026-03-25 15:57:23.874 [main] INFO  o.a.catalina.core.StandardService - Starting service [Tomcat]
2026-03-25 15:57:23.874 [main] INFO  o.a.catalina.core.StandardEngine - Starting Servlet engine: [Apache Tomcat/11.0.18]
2026-03-25 15:57:23.976 [main] INFO  o.s.b.w.c.s.WebApplicationContextInitializer - Root WebApplicationContext: initialization completed in 1076 ms
2026-03-25 15:57:24.145 [main] DEBUG o.m.spring.SqlSessionFactoryBean - Property 'mapperLocations' was not specified.
2026-03-25 15:57:24.503 [main] DEBUG o.m.s.b.a.MybatisAutoConfiguration - Not found configuration for registering mapper bean using @MapperScan, MapperFactoryBean and MapperScannerConfigurer.
2026-03-25 15:57:24.575 [main] INFO  o.a.coyote.http11.Http11NioProtocol - Starting ProtocolHandler ["http-nio-8080"]
2026-03-25 15:57:24.599 [main] INFO  o.s.boot.tomcat.TomcatWebServer - Tomcat started on port 8080 (http) with context path '/'
2026-03-25 15:57:24.606 [main] INFO  c.shd.TilasWebManagementApplication - Started TilasWebManagementApplication in 2.193 seconds (process running for 3.218)
2026-03-25 15:57:36.998 [http-nio-8080-exec-1] INFO  o.a.c.c.C.[Tomcat].[localhost].[/] - Initializing Spring DispatcherServlet 'dispatcherServlet'
2026-03-25 15:57:36.999 [http-nio-8080-exec-1] INFO  o.s.web.servlet.DispatcherServlet - Initializing Servlet 'dispatcherServlet'
2026-03-25 15:57:37.000 [http-nio-8080-exec-1] INFO  o.s.web.servlet.DispatcherServlet - Completed initialization in 1 ms
2026-03-25 15:57:37.030 [http-nio-8080-exec-1] INFO  com.shd.controller.DeptController - 查询全部部门数据
2026-03-25 15:57:37.036 [http-nio-8080-exec-1] INFO  com.zaxxer.hikari.HikariDataSource - HikariPool-1 - Starting...
2026-03-25 15:57:37.333 [http-nio-8080-exec-1] INFO  com.zaxxer.hikari.pool.HikariPool - HikariPool-1 - Added connection com.mysql.cj.jdbc.ConnectionImpl@35c576ce
2026-03-25 15:57:37.336 [http-nio-8080-exec-1] INFO  com.zaxxer.hikari.HikariDataSource - HikariPool-1 - Start completed.
2026-03-25 15:59:37.881 [SpringApplicationShutdownHook] INFO  o.s.boot.tomcat.GracefulShutdown - Commencing graceful shutdown. Waiting for active requests to complete
2026-03-25 15:59:39.073 [tomcat-shutdown] INFO  o.s.boot.tomcat.GracefulShutdown - Graceful shutdown complete
2026-03-25 15:59:39.081 [SpringApplicationShutdownHook] INFO  com.zaxxer.hikari.HikariDataSource - HikariPool-1 - Shutdown initiated...
2026-03-25 15:59:39.089 [SpringApplicationShutdownHook] INFO  com.zaxxer.hikari.HikariDataSource - HikariPool-1 - Shutdown completed.
